2017-09-06 00:24:28,293 [WARN] from application in play-dev-mode-akka.actor.default-dispatcher-3 - Configuration not found for database: No configuration setting found for key 'db'
2017-09-06 00:24:33,608 [WARN] from org.hibernate.validator.messageinterpolation.ParameterMessageInterpolator in play-dev-mode-akka.actor.default-dispatcher-3 - HV000184: ParameterMessageInterpolator has been chosen, EL interpolation will not be supported
2017-09-06 00:24:34,399 [INFO] from play.api.http.EnabledFilters in play-dev-mode-akka.actor.default-dispatcher-3 - Enabled Filters (see <https://www.playframework.com/documentation/latest/Filters>):

    play.filters.csrf.CSRFFilter
    play.filters.headers.SecurityHeadersFilter
    play.filters.hosts.AllowedHostsFilter

2017-09-06 00:24:34,439 [INFO] from play.api.Play in play-dev-mode-akka.actor.default-dispatcher-3 - Application started (Dev)
2017-09-06 00:26:16,287 [WARN] from application in play-dev-mode-akka.actor.default-dispatcher-6 - Configuration not found for database: No configuration setting found for key 'db'
2017-09-06 00:26:16,652 [WARN] from org.hibernate.validator.messageinterpolation.ParameterMessageInterpolator in play-dev-mode-akka.actor.default-dispatcher-6 - HV000184: ParameterMessageInterpolator has been chosen, EL interpolation will not be supported
2017-09-06 00:26:16,965 [INFO] from play.api.http.EnabledFilters in play-dev-mode-akka.actor.default-dispatcher-6 - Enabled Filters (see <https://www.playframework.com/documentation/latest/Filters>):

    play.filters.csrf.CSRFFilter
    play.filters.headers.SecurityHeadersFilter
    play.filters.hosts.AllowedHostsFilter

2017-09-06 00:26:16,974 [INFO] from play.api.Play in play-dev-mode-akka.actor.default-dispatcher-6 - Application started (Dev)
2017-09-06 00:28:17,761 [WARN] from application in play-dev-mode-akka.actor.default-dispatcher-13 - Configuration not found for database: No configuration setting found for key 'db'
2017-09-06 00:28:18,231 [WARN] from org.hibernate.validator.messageinterpolation.ParameterMessageInterpolator in play-dev-mode-akka.actor.default-dispatcher-13 - HV000184: ParameterMessageInterpolator has been chosen, EL interpolation will not be supported
2017-09-06 00:28:18,391 [INFO] from play.api.http.EnabledFilters in play-dev-mode-akka.actor.default-dispatcher-13 - Enabled Filters (see <https://www.playframework.com/documentation/latest/Filters>):

    play.filters.csrf.CSRFFilter
    play.filters.headers.SecurityHeadersFilter
    play.filters.hosts.AllowedHostsFilter

2017-09-06 00:28:18,392 [INFO] from play.api.Play in play-dev-mode-akka.actor.default-dispatcher-13 - Application started (Dev)
2017-09-06 00:28:57,013 [WARN] from application in play-dev-mode-akka.actor.default-dispatcher-12 - Configuration not found for database: No configuration setting found for key 'db'
2017-09-06 00:28:57,329 [WARN] from org.hibernate.validator.messageinterpolation.ParameterMessageInterpolator in play-dev-mode-akka.actor.default-dispatcher-12 - HV000184: ParameterMessageInterpolator has been chosen, EL interpolation will not be supported
2017-09-06 00:28:57,484 [INFO] from play.api.http.EnabledFilters in play-dev-mode-akka.actor.default-dispatcher-12 - Enabled Filters (see <https://www.playframework.com/documentation/latest/Filters>):

    play.filters.csrf.CSRFFilter
    play.filters.headers.SecurityHeadersFilter
    play.filters.hosts.AllowedHostsFilter

2017-09-06 00:28:57,486 [INFO] from play.api.Play in play-dev-mode-akka.actor.default-dispatcher-12 - Application started (Dev)
2017-09-06 00:29:29,389 [WARN] from application in play-dev-mode-akka.actor.default-dispatcher-10 - Configuration not found for database: No configuration setting found for key 'db'
2017-09-06 00:29:29,739 [WARN] from org.hibernate.validator.messageinterpolation.ParameterMessageInterpolator in play-dev-mode-akka.actor.default-dispatcher-10 - HV000184: ParameterMessageInterpolator has been chosen, EL interpolation will not be supported
2017-09-06 00:29:29,862 [INFO] from play.api.http.EnabledFilters in play-dev-mode-akka.actor.default-dispatcher-10 - Enabled Filters (see <https://www.playframework.com/documentation/latest/Filters>):

    play.filters.csrf.CSRFFilter
    play.filters.headers.SecurityHeadersFilter
    play.filters.hosts.AllowedHostsFilter

2017-09-06 00:29:29,862 [INFO] from play.api.Play in play-dev-mode-akka.actor.default-dispatcher-10 - Application started (Dev)
2017-09-06 00:30:02,057 [WARN] from application in play-dev-mode-akka.actor.default-dispatcher-16 - Configuration not found for database: No configuration setting found for key 'db'
2017-09-06 00:30:02,353 [WARN] from org.hibernate.validator.messageinterpolation.ParameterMessageInterpolator in play-dev-mode-akka.actor.default-dispatcher-16 - HV000184: ParameterMessageInterpolator has been chosen, EL interpolation will not be supported
2017-09-06 00:30:02,490 [INFO] from play.api.http.EnabledFilters in play-dev-mode-akka.actor.default-dispatcher-16 - Enabled Filters (see <https://www.playframework.com/documentation/latest/Filters>):

    play.filters.csrf.CSRFFilter
    play.filters.headers.SecurityHeadersFilter
    play.filters.hosts.AllowedHostsFilter

2017-09-06 00:30:02,492 [INFO] from play.api.Play in play-dev-mode-akka.actor.default-dispatcher-16 - Application started (Dev)
2017-09-06 00:31:20,128 [WARN] from application in play-dev-mode-akka.actor.default-dispatcher-15 - Configuration not found for database: No configuration setting found for key 'db'
2017-09-06 00:31:20,438 [WARN] from org.hibernate.validator.messageinterpolation.ParameterMessageInterpolator in play-dev-mode-akka.actor.default-dispatcher-15 - HV000184: ParameterMessageInterpolator has been chosen, EL interpolation will not be supported
2017-09-06 00:31:20,585 [INFO] from play.api.http.EnabledFilters in play-dev-mode-akka.actor.default-dispatcher-15 - Enabled Filters (see <https://www.playframework.com/documentation/latest/Filters>):

    play.filters.csrf.CSRFFilter
    play.filters.headers.SecurityHeadersFilter
    play.filters.hosts.AllowedHostsFilter

2017-09-06 00:31:20,585 [INFO] from play.api.Play in play-dev-mode-akka.actor.default-dispatcher-15 - Application started (Dev)
